This is pdfTeX, Version 3.14159265-2.6-1.40.16 (TeX Live 2015/Debian) (preloaded format=pdflatex 2017.5.21)  26 MAY 2017 12:30
entering extended mode
 restricted \write18 enabled.
 %&-line parsing enabled.
**Monografia.tex
(./Monografia.tex
LaTeX2e <2015/01/01>
Babel <3.9l> and hyphenation patterns for 2 languages loaded.
(./abnt.cls (./cvs-id.def)
Document Class: abnt 2004/11/02 v1.27.2.1 Classe abnt (NBR6024, NBR6027, NBR602
8, NBR14724)
(/usr/share/texlive/texmf-dist/tex/latex/base/ifthen.sty
Package: ifthen 2014/09/29 v1.1c Standard LaTeX ifthen package (DPC)
)
(/usr/share/texlive/texmf-dist/tex/latex/tools/calc.sty
Package: calc 2014/10/28 v4.3 Infix arithmetic (KKT,FJ)
\calc@Acount=\count79
\calc@Bcount=\count80
\calc@Adimen=\dimen102
\calc@Bdimen=\dimen103
\calc@Askip=\skip41
\calc@Bskip=\skip42
LaTeX Info: Redefining \setlength on input line 80.
LaTeX Info: Redefining \addtolength on input line 81.
\calc@Ccount=\count81
\calc@Cskip=\skip43
)
(/usr/share/texlive/texmf-dist/tex/latex/tools/multicol.sty
Package: multicol 2015/03/31 v1.8m multicolumn formatting (FMi)
\c@tracingmulticols=\count82
\mult@box=\box26
\multicol@leftmargin=\dimen104
\c@unbalance=\count83
\c@collectmore=\count84
\doublecol@number=\count85
\multicoltolerance=\count86
\multicolpretolerance=\count87
\full@width=\dimen105
\page@free=\dimen106
\premulticols=\dimen107
\postmulticols=\dimen108
\multicolsep=\skip44
\multicolbaselineskip=\skip45
\partial@page=\box27
\last@line=\box28
\maxbalancingoverflow=\dimen109
\mult@rightbox=\box29
\mult@grightbox=\box30
\mult@gfirstbox=\box31
\mult@firstbox=\box32
\@tempa=\box33
\@tempa=\box34
\@tempa=\box35
\@tempa=\box36
\@tempa=\box37
\@tempa=\box38
\@tempa=\box39
\@tempa=\box40
\@tempa=\box41
\@tempa=\box42
\@tempa=\box43
\@tempa=\box44
\@tempa=\box45
\@tempa=\box46
\@tempa=\box47
\@tempa=\box48
\@tempa=\box49
\c@columnbadness=\count88
\c@finalcolumnbadness=\count89
\last@try=\dimen110
\multicolovershoot=\dimen111
\multicolundershoot=\dimen112
\mult@nat@firstbox=\box50
\colbreak@box=\box51
\mc@col@check@num=\count90
)
(/usr/share/texlive/texmf-dist/tex/latex/base/report.cls
Document Class: report 2014/09/29 v1.4h Standard LaTeX document class
(/usr/share/texlive/texmf-dist/tex/latex/base/size12.clo
File: size12.clo 2014/09/29 v1.4h Standard LaTeX file (size option)
)
\c@part=\count91
\c@chapter=\count92
\c@section=\count93
\c@subsection=\count94
\c@subsubsection=\count95
\c@paragraph=\count96
\c@subparagraph=\count97
\c@figure=\count98
\c@table=\count99
\abovecaptionskip=\skip46
\belowcaptionskip=\skip47
\bibindent=\dimen113
) (./setspace.sty
Package: setspace 2000/12/01 6.7 Contributed and Supported LaTeX2e package

Package: `setspace' 6.7 <2000/12/01>
)
\ABNTanapindent=\skip48
\ABNTsignwidth=\skip49
\ABNTsignthickness=\skip50
\ABNTsignskip=\skip51
 (/usr/share/texlive/texmf-dist/tex/latex/tools/indentfirst.sty
Package: indentfirst 1995/11/23 v1.03 Indent first paragraph (DPC)
))
(/usr/share/texlive/texmf-dist/tex/generic/babel/babel.sty
Package: babel 2014/09/25 3.9l The Babel package

(/usr/share/texlive/texmf-dist/tex/generic/babel-portuges/portuges.ldf
Language: portuges 2008/03/18 v1.2q Portuguese support from the babel system

(/usr/share/texlive/texmf-dist/tex/generic/babel/babel.def
File: babel.def 2014/09/25 3.9l Babel common definitions
\babel@savecnt=\count100
\U@D=\dimen114
)

Package babel Warning: No hyphenation patterns were preloaded for
(babel)                the language `Portuguese' into the format.
(babel)                Please, configure your TeX system to add them and
(babel)                rebuild the format. Now I will use the patterns
(babel)                preloaded for english instead on input line 55.

\l@portuges = a dialect from \language0
\l@brazil = a dialect from \language\l@portuges 
Package babel Info: Making " an active character on input line 145.
)) (/usr/share/texlive/texmf-dist/tex/latex/base/inputenc.sty
Package: inputenc 2015/03/17 v1.2c Input encoding file
\inpenc@prehook=\toks14
\inpenc@posthook=\toks15

(/usr/share/texlive/texmf-dist/tex/latex/base/latin1.def
File: latin1.def 2015/03/17 v1.2c Input encoding file
))
(/usr/share/texlive/texmf-dist/tex/latex/base/fontenc.sty
Package: fontenc 2005/09/27 v1.99g Standard LaTeX package

(/usr/share/texlive/texmf-dist/tex/latex/base/t1enc.def
File: t1enc.def 2005/09/27 v1.99g Standard LaTeX file
LaTeX Font Info:    Redeclaring font encoding T1 on input line 48.
)) (./dsfont.sty
Package: dsfont 1995/08/01 v0.1 Double stroke roman fonts
)
(/usr/share/texlive/texmf-dist/tex/latex/amsfonts/amssymb.sty
Package: amssymb 2013/01/14 v3.01 AMS font symbols

(/usr/share/texlive/texmf-dist/tex/latex/amsfonts/amsfonts.sty
Package: amsfonts 2013/01/14 v3.01 Basic AMSFonts support
\@emptytoks=\toks16
\symAMSa=\mathgroup4
\symAMSb=\mathgroup5
LaTeX Font Info:    Overwriting math alphabet `\mathfrak' in version `bold'
(Font)                  U/euf/m/n --> U/euf/b/n on input line 106.
))
(/usr/share/texlive/texmf-dist/tex/latex/amsmath/amsmath.sty
Package: amsmath 2013/01/14 v2.14 AMS math features
\@mathmargin=\skip52

For additional information on amsmath, use the `?' option.
(/usr/share/texlive/texmf-dist/tex/latex/amsmath/amstext.sty
Package: amstext 2000/06/29 v2.01

(/usr/share/texlive/texmf-dist/tex/latex/amsmath/amsgen.sty
File: amsgen.sty 1999/11/30 v2.0
\@emptytoks=\toks17
\ex@=\dimen115
))
(/usr/share/texlive/texmf-dist/tex/latex/amsmath/amsbsy.sty
Package: amsbsy 1999/11/29 v1.2d
\pmbraise@=\dimen116
)
(/usr/share/texlive/texmf-dist/tex/latex/amsmath/amsopn.sty
Package: amsopn 1999/12/14 v2.01 operator names
)
\inf@bad=\count101
LaTeX Info: Redefining \frac on input line 210.
\uproot@=\count102
\leftroot@=\count103
LaTeX Info: Redefining \overline on input line 306.
\classnum@=\count104
\DOTSCASE@=\count105
LaTeX Info: Redefining \ldots on input line 378.
LaTeX Info: Redefining \dots on input line 381.
LaTeX Info: Redefining \cdots on input line 466.
\Mathstrutbox@=\box52
\strutbox@=\box53
\big@size=\dimen117
LaTeX Font Info:    Redeclaring font encoding OML on input line 566.
LaTeX Font Info:    Redeclaring font encoding OMS on input line 567.
\macc@depth=\count106
\c@MaxMatrixCols=\count107
\dotsspace@=\muskip10
\c@parentequation=\count108
\dspbrk@lvl=\count109
\tag@help=\toks18
\row@=\count110
\column@=\count111
\maxfields@=\count112
\andhelp@=\toks19
\eqnshift@=\dimen118
\alignsep@=\dimen119
\tagshift@=\dimen120
\tagwidth@=\dimen121
\totwidth@=\dimen122
\lineht@=\dimen123
\@envbody=\toks20
\multlinegap=\skip53
\multlinetaggap=\skip54
\mathdisplay@stack=\toks21
LaTeX Info: Redefining \[ on input line 2665.
LaTeX Info: Redefining \] on input line 2666.
) (./multirow.sty
\bigstrutjot=\dimen124
)
(./abntcite.sty (./cvs-id.def)
Package: abntcite 2003/10/13 v1.26 Chamadas de referencias no texto (NBR10520)
 (./abntex-abrev.sty (./cvs-id.def)
Package: abntex-abrev 2003/10/13 v1.3 Abreviacoes

(./nbr10522-1988.def (./cvs-id.def)
File: nbr10522-1988.def 2003/10/13 v1.2 Abreviacoes bibliograficas (NBR10522:19
88)
) (./abntex-abrev-pt_BR.def (./cvs-id.def)
File: abntex-abrev-pt_BR.def 2003/10/13 v1.2 definicao de abntex-abrev, traduca
o de termos en_US/pt_BR
)) (./nbr10520-2002.def (./cvs-id.def)
File: nbr10520-2002.def 2003/10/13 v1.2 Definicoes para abntcite (NBR10520:2002
)
)
\minimumbiblabelwidth=\skip55
\ABCIauxlen=\skip56
\c@ABCIaux=\count113
\c@ABCImax=\count114

(/usr/share/texlive/texmf-dist/tex/latex/relsize/relsize.sty
Package: relsize 2013/03/29 ver 4.1
)
\biblabelsep=\skip57
LaTeX Info: Redefining \newblock on input line 562.
LaTeX Info: Redefining \cite on input line 589.
\ABCItoken=\toks22
)
(/usr/share/texlive/texmf-dist/tex/latex/graphics/color.sty
Package: color 2014/10/28 v1.1a Standard LaTeX Color (DPC)

(/usr/share/texlive/texmf-dist/tex/latex/latexconfig/color.cfg
File: color.cfg 2007/01/18 v1.5 color configuration of teTeX/TeXLive
)
Package color Info: Driver file: pdftex.def on input line 142.

(/usr/share/texlive/texmf-dist/tex/latex/pdftex-def/pdftex.def
File: pdftex.def 2011/05/27 v0.06d Graphics/color for pdfTeX

(/usr/share/texlive/texmf-dist/tex/generic/oberdiek/infwarerr.sty
Package: infwarerr 2010/04/08 v1.3 Providing info/warning/error messages (HO)
)
(/usr/share/texlive/texmf-dist/tex/generic/oberdiek/ltxcmds.sty
Package: ltxcmds 2011/11/09 v1.22 LaTeX kernel commands for general use (HO)
)
\Gread@gobject=\count115
))
(/usr/share/texlive/texmf-dist/tex/latex/graphics/graphicx.sty
Package: graphicx 2014/10/28 v1.0g Enhanced LaTeX Graphics (DPC,SPQR)

(/usr/share/texlive/texmf-dist/tex/latex/graphics/keyval.sty
Package: keyval 2014/10/28 v1.15 key=value parser (DPC)
\KV@toks@=\toks23
)
(/usr/share/texlive/texmf-dist/tex/latex/graphics/graphics.sty
Package: graphics 2014/10/28 v1.0p Standard LaTeX Graphics (DPC,SPQR)

(/usr/share/texlive/texmf-dist/tex/latex/graphics/trig.sty
Package: trig 1999/03/16 v1.09 sin cos tan (DPC)
)
(/usr/share/texlive/texmf-dist/tex/latex/latexconfig/graphics.cfg
File: graphics.cfg 2010/04/23 v1.9 graphics configuration of TeX Live
)
Package graphics Info: Driver file: pdftex.def on input line 94.
)
\Gin@req@height=\dimen125
\Gin@req@width=\dimen126
)
(/usr/share/texlive/texmf-dist/tex/latex/colortbl/colortbl.sty
Package: colortbl 2012/02/13 v1.0a Color table columns (DPC)

(/usr/share/texlive/texmf-dist/tex/latex/tools/array.sty
Package: array 2014/10/28 v2.4c Tabular extension package (FMi)
\col@sep=\dimen127
\extrarowheight=\dimen128
\NC@list=\toks24
\extratabsurround=\skip58
\backup@length=\skip59
)
\everycr=\toks25
\minrowclearance=\skip60
)
(/usr/share/texlive/texmf-dist/tex/latex/url/url.sty
\Urlmuskip=\muskip11
Package: url 2013/09/16  ver 3.4  Verb mode for urls, etc.
) (./abnt-alf.sty
Package: abnt-alf 2002/06/24
)
(/usr/share/texlive/texmf-dist/tex/latex/algorithms/algorithm.sty
Package: algorithm 2009/08/24 v0.1 Document Style `algorithm' - floating enviro
nment

(/usr/share/texlive/texmf-dist/tex/latex/float/float.sty
Package: float 2001/11/08 v1.3d Float enhancements (AL)
\c@float@type=\count116
\float@exts=\toks26
\float@box=\box54
\@float@everytoks=\toks27
\@floatcapt=\box55
)
\@float@every@algorithm=\toks28
\c@algorithm=\count117
)
(/usr/share/texlive/texmf-dist/tex/latex/algorithms/algorithmic.sty
Package: algorithmic 2009/08/24 v0.1 Document Style `algorithmic'
\c@ALC@unique=\count118
\c@ALC@line=\count119
\c@ALC@rem=\count120
\c@ALC@depth=\count121
\ALC@tlm=\skip61
\algorithmicindent=\skip62
)
(/usr/share/texlive/texmf-dist/tex/latex/makecell/makecell.sty
Package: makecell 2009/08/03 V0.1e Managing of Tab Column Heads and Cells
\rotheadsize=\dimen129
\c@nlinenum=\count122
\TeXr@lab=\toks29
)
(./Monografia.aux (./Includes/Capa.aux) (./Includes/FolhaRosto.aux)
(./Includes/FolhaAprovacao.aux) (./Includes/Dedicatoria.aux)
(./Includes/Resumo.aux) (./Capitulos/Introducao.aux) (./Capitulos/Capitulo2.aux
) (./Capitulos/Capitulo3.aux) (./Capitulos/Capitulo4.aux)
(./Capitulos/Consideracoes.aux) (./Capitulos/ApendiceA.aux)
(./Capitulos/AnexoA.aux))
\openout1 = `Monografia.aux'.

LaTeX Font Info:    Checking defaults for OML/cmm/m/it on input line 97.
LaTeX Font Info:    ... okay on input line 97.
LaTeX Font Info:    Checking defaults for T1/cmr/m/n on input line 97.
LaTeX Font Info:    ... okay on input line 97.
LaTeX Font Info:    Checking defaults for OT1/cmr/m/n on input line 97.
LaTeX Font Info:    ... okay on input line 97.
LaTeX Font Info:    Checking defaults for OMS/cmsy/m/n on input line 97.
LaTeX Font Info:    ... okay on input line 97.
LaTeX Font Info:    Checking defaults for OMX/cmex/m/n on input line 97.
LaTeX Font Info:    ... okay on input line 97.
LaTeX Font Info:    Checking defaults for U/cmr/m/n on input line 97.
LaTeX Font Info:    ... okay on input line 97.

(/usr/share/texlive/texmf-dist/tex/context/base/supp-pdf.mkii
[Loading MPS to PDF converter (version 2006.09.02).]
\scratchcounter=\count123
\scratchdimen=\dimen130
\scratchbox=\box56
\nofMPsegments=\count124
\nofMParguments=\count125
\everyMPshowfont=\toks30
\MPscratchCnt=\count126
\MPscratchDim=\dimen131
\MPnumerator=\count127
\makeMPintoPDFobject=\count128
\everyMPtoPDFconversion=\toks31
) (/usr/share/texlive/texmf-dist/tex/generic/oberdiek/pdftexcmds.sty
Package: pdftexcmds 2011/11/29 v0.20 Utility functions of pdfTeX for LuaTeX (HO
)

(/usr/share/texlive/texmf-dist/tex/generic/oberdiek/ifluatex.sty
Package: ifluatex 2010/03/01 v1.3 Provides the ifluatex switch (HO)
Package ifluatex Info: LuaTeX not detected.
)
(/usr/share/texlive/texmf-dist/tex/generic/oberdiek/ifpdf.sty
Package: ifpdf 2011/01/30 v2.3 Provides the ifpdf switch (HO)
Package ifpdf Info: pdfTeX in PDF mode is detected.
)
Package pdftexcmds Info: LuaTeX not detected.
Package pdftexcmds Info: \pdf@primitive is available.
Package pdftexcmds Info: \pdf@ifprimitive is available.
Package pdftexcmds Info: \pdfdraftmode found.
)
(/usr/share/texlive/texmf-dist/tex/latex/oberdiek/epstopdf-base.sty
Package: epstopdf-base 2010/02/09 v2.5 Base part for package epstopdf

(/usr/share/texlive/texmf-dist/tex/latex/oberdiek/grfext.sty
Package: grfext 2010/08/19 v1.1 Manage graphics extensions (HO)

(/usr/share/texlive/texmf-dist/tex/generic/oberdiek/kvdefinekeys.sty
Package: kvdefinekeys 2011/04/07 v1.3 Define keys (HO)
))
(/usr/share/texlive/texmf-dist/tex/latex/oberdiek/kvoptions.sty
Package: kvoptions 2011/06/30 v3.11 Key value format for package options (HO)

(/usr/share/texlive/texmf-dist/tex/generic/oberdiek/kvsetkeys.sty
Package: kvsetkeys 2012/04/25 v1.16 Key value parser (HO)

(/usr/share/texlive/texmf-dist/tex/generic/oberdiek/etexcmds.sty
Package: etexcmds 2011/02/16 v1.5 Avoid name clashes with e-TeX commands (HO)
Package etexcmds Info: Could not find \expanded.
(etexcmds)             That can mean that you are not using pdfTeX 1.50 or
(etexcmds)             that some package has redefined \expanded.
(etexcmds)             In the latter case, load this package earlier.
)))
Package grfext Info: Graphics extension search list:
(grfext)             [.png,.pdf,.jpg,.mps,.jpeg,.jbig2,.jb2,.PNG,.PDF,.JPG,.JPE
G,.JBIG2,.JB2,.eps]
(grfext)             \AppendGraphicsExtensions on input line 452.

(/usr/share/texlive/texmf-dist/tex/latex/latexconfig/epstopdf-sys.cfg
File: epstopdf-sys.cfg 2010/07/13 v1.3 Configuration of (r)epstopdf for TeX Liv
e
))
\openout2 = `Includes/Capa.aux'.


(./Includes/Capa.tex <Imagens/Brasao-UFRN.jpg, id=1, 175.857pt x 173.9298pt>
File: Imagens/Brasao-UFRN.jpg Graphic file (type jpg)

<use Imagens/Brasao-UFRN.jpg>
Package pdftex.def Info: Imagens/Brasao-UFRN.jpg used on input line 22.
(pdftex.def)             Requested size: 48.36752pt x 56.90602pt.
LaTeX Font Info:    Try loading font information for U+msa on input line 24.

(/usr/share/texlive/texmf-dist/tex/latex/amsfonts/umsa.fd
File: umsa.fd 2013/01/14 v3.01 AMS symbols A
)
LaTeX Font Info:    Try loading font information for U+msb on input line 24.

(/usr/share/texlive/texmf-dist/tex/latex/amsfonts/umsb.fd
File: umsb.fd 2013/01/14 v3.01 AMS symbols B
)
<Imagens/Logotipo-DIMAp.jpg, id=2, 102.54527pt x 77.1531pt>
File: Imagens/Logotipo-DIMAp.jpg Graphic file (type jpg)

<use Imagens/Logotipo-DIMAp.jpg>
Package pdftex.def Info: Imagens/Logotipo-DIMAp.jpg used on input line 37.
(pdftex.def)             Requested size: 51.2146pt x 42.6792pt.
 [1


{/var/lib/texmf/fonts/map/pdftex/updmap/pdftex.map} <./Imagens/Brasao-UFRN.jpg>
 <./Imagens/Logotipo-DIMAp.jpg>])
\openout2 = `Includes/FolhaRosto.aux'.


(./Includes/FolhaRosto.tex [1


])
\openout2 = `Includes/FolhaAprovacao.aux'.

 (./Includes/FolhaAprovacao.tex [2



])
\openout2 = `Includes/Dedicatoria.aux'.


(./Includes/Dedicatoria.tex) [3




]
\openout2 = `Includes/Resumo.aux'.

 (./Includes/Resumo.tex)
Overfull \hbox (8.04121pt too wide) in paragraph at lines 19--120
\T1/cmr/m/n/12 Com os avanços tec-nológi-cos dos úl-ti-mos anos e a pop-u-lar-i
za-ção da In-ter-net das Coisas(IoT),
 []

[4


] (./Monografia.lof)
\tf@lof=\write3
\openout3 = `Monografia.lof'.

 [5


] (./Monografia.loab)
\tf@loab=\write4
\openout4 = `Monografia.loab'.

 [6

] (./Monografia.toc [7

]
[8])
\tf@toc=\write5
\openout5 = `Monografia.toc'.

 [9]
\openout2 = `Capitulos/Introducao.aux'.

 (./Capitulos/Introducao.tex
Cap\'{\i }tulo 1.
[10



]
LaTeX Font Info:    Try loading font information for OMS+cmr on input line 12.
 (/usr/share/texlive/texmf-dist/tex/latex/base/omscmr.fd
File: omscmr.fd 2014/09/29 v2.5h Standard LaTeX font definitions
)
LaTeX Font Info:    Font shape `OMS/cmr/m/n' in size <12> not available
(Font)              Font shape `OMS/cmsy/m/n' tried instead on input line 12.
 [11]) [12]
\openout2 = `Capitulos/Capitulo2.aux'.


(./Capitulos/Capitulo2.tex
Cap\'{\i }tulo 2.
[13



] <Imagens/Raspberry-Pi.png, id=63, 2964.07375pt x 1980.39874pt>
File: Imagens/Raspberry-Pi.png Graphic file (type png)

<use Imagens/Raspberry-Pi.png>
Package pdftex.def Info: Imagens/Raspberry-Pi.png used on input line 19.
(pdftex.def)             Requested size: 296.42474pt x 198.05147pt.

<Imagens/leitor-rfid-rc522.jpg, id=64, 722.7pt x 681.54625pt>
File: Imagens/leitor-rfid-rc522.jpg Graphic file (type jpg)

<use Imagens/leitor-rfid-rc522.jpg>
Package pdftex.def Info: Imagens/leitor-rfid-rc522.jpg used on input line 34.
(pdftex.def)             Requested size: 216.81166pt x 204.46545pt.

<Imagens/tag-rfid.jpg, id=65, 803.0pt x 803.0pt>
File: Imagens/tag-rfid.jpg Graphic file (type jpg)
 <use Imagens/tag-rfid.jpg>
Package pdftex.def Info: Imagens/tag-rfid.jpg used on input line 45.
(pdftex.def)             Requested size: 240.90186pt x 240.90186pt.

[14 <./Imagens/Raspberry-Pi.png>] [15 <./Imagens/leitor-rfid-rc522.jpg> <./Imag
ens/tag-rfid.jpg>] <Imagens/motion-sensor.jpg, id=73, 501.875pt x 501.875pt>
File: Imagens/motion-sensor.jpg Graphic file (type jpg)

<use Imagens/motion-sensor.jpg>
Package pdftex.def Info: Imagens/motion-sensor.jpg used on input line 60.
(pdftex.def)             Requested size: 150.56366pt x 150.56366pt.
 [16 <./Imagens/motion-sensor.jpg>])
Overfull \hbox (18.13705pt too wide) in paragraph at lines 82--148
\T1/cmr/m/n/12 baseado no mod-elo ar-quite-tu-ral model-view-controller. O Fram
e-work Spring é uma plataforma
 []

[17]
\openout2 = `Capitulos/Capitulo3.aux'.

 (./Capitulos/Capitulo3.tex
Cap\'{\i }tulo 3.
<Imagens/isense.png, id=82, 460.72125pt x 222.8325pt>
File: Imagens/isense.png Graphic file (type png)
 <use Imagens/isense.png>
Package pdftex.def Info: Imagens/isense.png used on input line 15.
(pdftex.def)             Requested size: 368.5775pt x 178.26624pt.

[18



] [19 <./Imagens/isense.png>]
LaTeX Font Info:    Try loading font information for T1+cmss on input line 72.

(/usr/share/texlive/texmf-dist/tex/latex/base/t1cmss.fd
File: t1cmss.fd 2014/09/29 v2.5h Standard LaTeX font definitions
)) [20] [21]
\openout2 = `Capitulos/Capitulo4.aux'.


(./Capitulos/Capitulo4.tex [22


]
Cap\'{\i }tulo 4.
<Imagens/DiagramaArquitetura.png, id=100, 922.19531pt x 665.48625pt>
File: Imagens/DiagramaArquitetura.png Graphic file (type png)

<use Imagens/DiagramaArquitetura.png>
Package pdftex.def Info: Imagens/DiagramaArquitetura.png used on input line 14.

(pdftex.def)             Requested size: 461.09653pt x 332.74231pt.

Overfull \hbox (5.85242pt too wide) in paragraph at lines 14--17
 [][] 
 []

[23

] [24 <./Imagens/DiagramaArquitetura.png>]
Overfull \hbox (27.24272pt too wide) in paragraph at lines 47--60
 [] 
 []

[25] <Imagens/UseCase.png, id=113, 800.9925pt x 618.05907pt>
File: Imagens/UseCase.png Graphic file (type png)

<use Imagens/UseCase.png>
Package pdftex.def Info: Imagens/UseCase.png used on input line 74.
(pdftex.def)             Requested size: 400.49527pt x 309.02878pt.

Overfull \hbox (30.43367pt too wide) in paragraph at lines 103--117
 [] 
 []

[26 <./Imagens/UseCase.png>] [27]
<Imagens/Overview.png, id=121, 1040.38687pt x 689.57625pt>
File: Imagens/Overview.png Graphic file (type png)

<use Imagens/Overview.png>
Package pdftex.def Info: Imagens/Overview.png used on input line 127.
(pdftex.def)             Requested size: 520.19217pt x 344.78728pt.

Overfull \hbox (64.94806pt too wide) in paragraph at lines 127--130
 [][] 
 []

[28 <./Imagens/Overview.png>]
<Imagens/BPMN.png, id=126, 1252.68pt x 1022.82124pt>
File: Imagens/BPMN.png Graphic file (type png)
 <use Imagens/BPMN.png>
Package pdftex.def Info: Imagens/BPMN.png used on input line 139.
(pdftex.def)             Requested size: 626.33847pt x 511.40936pt.

Overfull \hbox (56.16525pt too wide) in paragraph at lines 139--142
 [][] 
 []

[29] [30] <Imagens/kaa-arq.png, id=134, 1387.1825pt x 1510.64375pt>
File: Imagens/kaa-arq.png Graphic file (type png)

<use Imagens/kaa-arq.png>
Package pdftex.def Info: Imagens/kaa-arq.png used on input line 197.
(pdftex.def)             Requested size: 277.43158pt x 302.1234pt.

Underfull \hbox (badness 10000) in paragraph at lines 214--215

 []

[31] <Imagens/events.png, id=139, 859.71187pt x 572.89032pt>
File: Imagens/events.png Graphic file (type png)

<use Imagens/events.png>
Package pdftex.def Info: Imagens/events.png used on input line 224.
(pdftex.def)             Requested size: 429.85487pt x 286.44446pt.

Overfull \hbox (15.56952pt too wide) in paragraph at lines 233--246
 [] 
 []


Overfull \hbox (14.56427pt too wide) in paragraph at lines 253--270
 [] 
 []


Overfull \hbox (8.71004pt too wide) in paragraph at lines 302--306
[]\T1/cmr/m/n/12 Nesta seção são ap-re-sen-ta-dos códi-gos bási-cos uti-liza-do
s para a conexão com a plataforma
 []

[32] <Imagens/start.png, id=143, 1098.1025pt x 480.79625pt>
File: Imagens/start.png Graphic file (type png)

<use Imagens/start.png>
Package pdftex.def Info: Imagens/start.png used on input line 310.
(pdftex.def)             Requested size: 549.0499pt x 240.39752pt.

Overfull \hbox (93.80579pt too wide) in paragraph at lines 310--313
 [][] 
 []

<Imagens/attach.png, id=144, 948.54375pt x 236.885pt>
File: Imagens/attach.png Graphic file (type png)
 <use Imagens/attach.png>
Package pdftex.def Info: Imagens/attach.png used on input line 323.
(pdftex.def)             Requested size: 474.2707pt x 118.4422pt.

Overfull \hbox (19.0266pt too wide) in paragraph at lines 323--326
 [][] 
 []

<Imagens/receive.png, id=145, 789.95125pt x 272.01625pt>
File: Imagens/receive.png Graphic file (type png)

<use Imagens/receive.png>
Package pdftex.def Info: Imagens/receive.png used on input line 337.
(pdftex.def)             Requested size: 394.97466pt x 136.00778pt.
 <Imagens/send.png, id=146, 931.48pt x 527.9725pt>
File: Imagens/send.png Graphic file (type png)

<use Imagens/send.png>
Package pdftex.def Info: Imagens/send.png used on input line 351.
(pdftex.def)             Requested size: 465.73886pt x 263.9856pt.

Overfull \hbox (10.49475pt too wide) in paragraph at lines 351--354
 [][] 
 []

[33] <Imagens/roomieraspberry.png, id=150, 687.31781pt x 599.23875pt>
File: Imagens/roomieraspberry.png Graphic file (type png)

<use Imagens/roomieraspberry.png>
Package pdftex.def Info: Imagens/roomieraspberry.png used on input line 369.
(pdftex.def)             Requested size: 343.65807pt x 299.61864pt.


LaTeX Warning: Reference `TabelaPinos' on page 34 undefined on input line 386.

<Imagens/pins.png, id=151, 279.6293pt x 166.77692pt>
File: Imagens/pins.png Graphic file (type png)
 <use Imagens/pins.png>
Package pdftex.def Info: Imagens/pins.png used on input line 392.
(pdftex.def)             Requested size: 419.4429pt x 250.16473pt.

[34] <Imagens/roomieweb.png, id=155, 1033.61156pt x 933.4875pt>
File: Imagens/roomieweb.png Graphic file (type png)

<use Imagens/roomieweb.png>
Package pdftex.def Info: Imagens/roomieweb.png used on input line 442.
(pdftex.def)             Requested size: 516.80452pt x 466.74261pt.

Overfull \hbox (61.56041pt too wide) in paragraph at lines 442--445
 [][] 
 []


Underfull \hbox (badness 10000) in paragraph at lines 451--453

 []

<Imagens/login.png, id=156, 1294.8375pt x 644.4075pt>
File: Imagens/login.png Graphic file (type png)
 <use Imagens/login.png>
Package pdftex.def Info: Imagens/login.png used on input line 456.
(pdftex.def)             Requested size: 647.41716pt x 322.20296pt.

Overfull \hbox (192.17305pt too wide) in paragraph at lines 456--459
 [][] 
 []

<Imagens/createmeeting.png, id=157, 1292.83pt x 631.35875pt>
File: Imagens/createmeeting.png Graphic file (type png)

<use Imagens/createmeeting.png>
Package pdftex.def Info: Imagens/createmeeting.png used on input line 469.
(pdftex.def)             Requested size: 646.41342pt x 315.6786pt.

Overfull \hbox (191.16931pt too wide) in paragraph at lines 469--472
 [][] 
 []

[35]
Underfull \hbox (badness 10000) in paragraph at lines 477--479

 []

<Imagens/showmeetings.png, id=161, 1291.82625pt x 650.43pt>
File: Imagens/showmeetings.png Graphic file (type png)

<use Imagens/showmeetings.png>
Package pdftex.def Info: Imagens/showmeetings.png used on input line 482.
(pdftex.def)             Requested size: 645.91154pt x 325.2142pt.

Overfull \hbox (190.66743pt too wide) in paragraph at lines 482--485
 [][] 
 []

<Imagens/roomiecontroller.png, id=162, 922.94812pt x 879.285pt>
File: Imagens/roomiecontroller.png Graphic file (type png)

<use Imagens/roomiecontroller.png>
Package pdftex.def Info: Imagens/roomiecontroller.png used on input line 497.
(pdftex.def)             Requested size: 461.47293pt x 439.64143pt.

Overfull \hbox (6.22882pt too wide) in paragraph at lines 497--500
 [][] 
 []


Overfull \hbox (47.14232pt too wide) in paragraph at lines 514--533
[][] 
 []

) [36] [37] [38 <./Imagens/BPMN.png>] [39 <./Imagens/kaa-arq.png> <./Imagens/ev
ents.png>] [40 <./Imagens/start.png> <./Imagens/attach.png> <./Imagens/receive.
png>] [41 <./Imagens/send.png> <./Imagens/roomieraspberry.png>] [42 <./Imagens/
pins.png>] [43 <./Imagens/roomieweb.png>] [44 <./Imagens/login.png>] [45 <./Ima
gens/createmeeting.png>] [46 <./Imagens/showmeetings.png>] [47 <./Imagens/roomi
econtroller.png>]
\openout2 = `Capitulos/Consideracoes.aux'.

 (./Capitulos/Consideracoes.tex
Cap\'{\i }tulo 5.
) [48



] (./Monografia.bbl
LaTeX Font Info:    Try loading font information for T1+cmtt on input line 13.

(/usr/share/texlive/texmf-dist/tex/latex/base/t1cmtt.fd
File: t1cmtt.fd 2014/09/29 v2.5h Standard LaTeX font definitions
) [49


]
Underfull \hbox (badness 1057) in paragraph at lines 131--135
\T1/cmr/m/n/12 2017. Disponível em: <$\T1/cmtt/m/n/12 http : / / blog . condeco
software . com / 
 []

) [50]
\openout2 = `Capitulos/ApendiceA.aux'.

 (./Capitulos/ApendiceA.tex
Apendice A.
) [51


]
+-------------------------------------------------------------------+
| Comentario, sugestao ou critica sobre o abnTeX? Entre em contato: |
|                  http://abntex.codigolivre.org.br                 |
+-------------------------------------------------------------------+
(./Monografia.aux (./Includes/Capa.aux) (./Includes/FolhaRosto.aux)
(./Includes/FolhaAprovacao.aux) (./Includes/Dedicatoria.aux)
(./Includes/Resumo.aux) (./Capitulos/Introducao.aux) (./Capitulos/Capitulo2.aux
) (./Capitulos/Capitulo3.aux) (./Capitulos/Capitulo4.aux)
(./Capitulos/Consideracoes.aux) (./Capitulos/ApendiceA.aux))

LaTeX Warning: There were undefined references.

 ) 
Here is how much of TeX's memory you used:
 5061 strings out of 495000
 68324 string characters out of 6181169
 146779 words of memory out of 5000000
 7995 multiletter control sequences out of 15000+600000
 34431 words of font info for 94 fonts, out of 8000000 for 9000
 16 hyphenation exceptions out of 8191
 38i,18n,30p,1162b,386s stack positions out of 5000i,500n,10000p,200000b,80000s
 </home/vivis/.texmf-var/fonts/pk/ljfour/jknappen/ec/ectt1200.600pk> </home/v
ivis/.texmf-var/fonts/pk/ljfour/jknappen/ec/ecbi1200.600pk> </home/vivis/.texmf
-var/fonts/pk/ljfour/jknappen/ec/ecss1200.600pk> </home/vivis/.texmf-var/fonts/
pk/ljfour/jknappen/ec/ecrm0800.600pk> </home/vivis/.texmf-var/fonts/pk/ljfour/j
knappen/ec/ecbx1200.600pk> </home/vivis/.texmf-var/fonts/pk/ljfour/jknappen/ec/
ecbx2488.600pk> </home/vivis/.texmf-var/fonts/pk/ljfour/jknappen/ec/ecxc1728.60
0pk> </home/vivis/.texmf-var/fonts/pk/ljfour/jknappen/ec/ecrm1000.600pk> </home
/vivis/.texmf-var/fonts/pk/ljfour/jknappen/ec/ecrm1095.600pk> </home/vivis/.tex
mf-var/fonts/pk/ljfour/jknappen/ec/ecti1200.600pk> </home/vivis/.texmf-var/font
s/pk/ljfour/jknappen/ec/eccc1200.600pk> </home/vivis/.texmf-var/fonts/pk/ljfour
/jknappen/ec/ecrm1440.600pk> </home/vivis/.texmf-var/fonts/pk/ljfour/jknappen/e
c/ecbx1728.600pk> </home/vivis/.texmf-var/fonts/pk/ljfour/jknappen/ec/ecrm1200.
600pk> </home/vivis/.texmf-var/fonts/pk/ljfour/jknappen/ec/ecbx1440.600pk> </ho
me/vivis/.texmf-var/fonts/pk/ljfour/jknappen/ec/ecbx2074.600pk> </home/vivis/.t
exmf-var/fonts/pk/ljfour/jknappen/ec/eccc1095.600pk></usr/share/texlive/texmf-d
ist/fonts/type1/public/amsfonts/cm/cmsy10.pfb></usr/share/texlive/texmf-dist/fo
nts/type1/public/amsfonts/cm/cmsy8.pfb>
Output written on Monografia.pdf (52 pages, 5736548 bytes).
PDF statistics:
 944 PDF objects out of 1000 (max. 8388607)
 192 compressed objects within 2 object streams
 0 named destinations out of 1000 (max. 500000)
 121 words of extra memory for PDF output out of 10000 (max. 10000000)

