This is pdfTeX, Version 3.14159265-2.6-1.40.16 (TeX Live 2015/Debian) (preloaded format=pdflatex 2017.5.21)  22 MAY 2017 05:27
entering extended mode
 restricted \write18 enabled.
 %&-line parsing enabled.
**Capa.tex
(./Capa.tex
LaTeX2e <2015/01/01>
Babel <3.9l> and hyphenation patterns for 2 languages loaded.

! LaTeX Error: Environment titlepage undefined.

See the LaTeX manual or LaTeX Companion for explanation.
Type  H <return>  for immediate help.
 ...                                              
                                                  
l.6 \begin{titlepage}
                     
Your command was ignored.
Type  I <command> <return>  to replace it with another command,
or  <return>  to continue without it.


! LaTeX Error: Missing \begin{document}.

See the LaTeX manual or LaTeX Companion for explanation.
Type  H <return>  for immediate help.
 ...                                              
                                                  
l.7 	\begin{center}
                   
You're in trouble here.  Try typing  <return>  to proceed.
If that doesn't work, type  X <return>  to quit.


Overfull \hbox (20.0pt too wide) in paragraph at lines 7--7
[] 
 []

! Undefined control sequence.
l.14 				\includegraphics
                         [width=1.7cm, height=2.0cm]{Imagens/Brasao-UFRN.jpg}
The control sequence at the end of the top line
of your error message was never \def'ed. If you have
misspelled it (e.g., `\hobx'), type `I' and the correct
spelling (e.g., `I\hbox'). Otherwise just continue,
and I'll forget about whatever was undefined.

Missing character: There is no [ in font nullfont!
Missing character: There is no w in font nullfont!
Missing character: There is no i in font nullfont!
Missing character: There is no d in font nullfont!
Missing character: There is no t in font nullfont!
Missing character: There is no h in font nullfont!
Missing character: There is no = in font nullfont!
Missing character: There is no 1 in font nullfont!
Missing character: There is no . in font nullfont!
Missing character: There is no 7 in font nullfont!
Missing character: There is no c in font nullfont!
Missing character: There is no m in font nullfont!
Missing character: There is no , in font nullfont!
Missing character: There is no h in font nullfont!
Missing character: There is no e in font nullfont!
Missing character: There is no i in font nullfont!
Missing character: There is no g in font nullfont!
Missing character: There is no h in font nullfont!
Missing character: There is no t in font nullfont!
Missing character: There is no = in font nullfont!
Missing character: There is no 2 in font nullfont!
Missing character: There is no . in font nullfont!
Missing character: There is no 0 in font nullfont!
Missing character: There is no c in font nullfont!
Missing character: There is no m in font nullfont!
Missing character: There is no ] in font nullfont!
Missing character: There is no I in font nullfont!
Missing character: There is no m in font nullfont!
Missing character: There is no a in font nullfont!
Missing character: There is no g in font nullfont!
Missing character: There is no e in font nullfont!
Missing character: There is no n in font nullfont!
Missing character: There is no s in font nullfont!
Missing character: There is no / in font nullfont!
Missing character: There is no B in font nullfont!
Missing character: There is no r in font nullfont!
Missing character: There is no a in font nullfont!
Missing character: There is no s in font nullfont!
Missing character: There is no a in font nullfont!
Missing character: There is no o in font nullfont!
Missing character: There is no - in font nullfont!
Missing character: There is no U in font nullfont!
Missing character: There is no F in font nullfont!
Missing character: There is no R in font nullfont!
Missing character: There is no N in font nullfont!
Missing character: There is no . in font nullfont!
Missing character: There is no j in font nullfont!
Missing character: There is no p in font nullfont!
Missing character: There is no g in font nullfont!
LaTeX Font Info:    External font `cmex10' loaded for size
(Font)              <7> on input line 16.
LaTeX Font Info:    External font `cmex10' loaded for size
(Font)              <5> on input line 16.

! LaTeX Error: Environment espacosimples undefined.

See the LaTeX manual or LaTeX Companion for explanation.
Type  H <return>  for immediate help.
 ...                                              
                                                  
l.19 				\begin{espacosimples}
                              
Your command was ignored.
Type  I <command> <return>  to replace it with another command,
or  <return>  to continue without it.

! Undefined control sequence.
l.20 					{\small
                  \textsc{Universidade Federal do Rio Grande do Nort}			\\
The control sequence at the end of the top line
of your error message was never \def'ed. If you have
misspelled it (e.g., `\hobx'), type `I' and the correct
spelling (e.g., `I\hbox'). Otherwise just continue,
and I'll forget about whatever was undefined.

Missing character: There is no ê in font cmcsc10!
Missing character: There is no á in font cmcsc10!
Missing character: There is no á in font cmcsc10!
Missing character: There is no ê in font cmcsc10!
Missing character: There is no ç in font cmcsc10!
Missing character: There is no ã in font cmcsc10!

! LaTeX Error: \begin{center} on input line 18 ended by \end{espacosimples}.

See the LaTeX manual or LaTeX Companion for explanation.
Type  H <return>  for immediate help.
 ...                                              
                                                  
l.24 				\end{espacosimples}
                            
Your command was ignored.
Type  I <command> <return>  to replace it with another command,
or  <return>  to continue without it.

! Undefined control sequence.
l.29 				\includegraphics
                         [width=1.8cm, height=1.5cm]{Imagens/Logotipo-DIMAp....
The control sequence at the end of the top line
of your error message was never \def'ed. If you have
misspelled it (e.g., `\hobx'), type `I' and the correct
spelling (e.g., `I\hbox'). Otherwise just continue,
and I'll forget about whatever was undefined.

Missing character: There is no [ in font nullfont!
Missing character: There is no w in font nullfont!
Missing character: There is no i in font nullfont!
Missing character: There is no d in font nullfont!
Missing character: There is no t in font nullfont!
Missing character: There is no h in font nullfont!
Missing character: There is no = in font nullfont!
Missing character: There is no 1 in font nullfont!
Missing character: There is no . in font nullfont!
Missing character: There is no 8 in font nullfont!
Missing character: There is no c in font nullfont!
Missing character: There is no m in font nullfont!
Missing character: There is no , in font nullfont!
Missing character: There is no h in font nullfont!
Missing character: There is no e in font nullfont!
Missing character: There is no i in font nullfont!
Missing character: There is no g in font nullfont!
Missing character: There is no h in font nullfont!
Missing character: There is no t in font nullfont!
Missing character: There is no = in font nullfont!
Missing character: There is no 1 in font nullfont!
Missing character: There is no . in font nullfont!
Missing character: There is no 5 in font nullfont!
Missing character: There is no c in font nullfont!
Missing character: There is no m in font nullfont!
Missing character: There is no ] in font nullfont!
Missing character: There is no I in font nullfont!
Missing character: There is no m in font nullfont!
Missing character: There is no a in font nullfont!
Missing character: There is no g in font nullfont!
Missing character: There is no e in font nullfont!
Missing character: There is no n in font nullfont!
Missing character: There is no s in font nullfont!
Missing character: There is no / in font nullfont!
Missing character: There is no L in font nullfont!
Missing character: There is no o in font nullfont!
Missing character: There is no g in font nullfont!
Missing character: There is no o in font nullfont!
Missing character: There is no t in font nullfont!
Missing character: There is no i in font nullfont!
Missing character: There is no p in font nullfont!
Missing character: There is no o in font nullfont!
Missing character: There is no - in font nullfont!
Missing character: There is no D in font nullfont!
Missing character: There is no I in font nullfont!
Missing character: There is no M in font nullfont!
Missing character: There is no A in font nullfont!
Missing character: There is no p in font nullfont!
Missing character: There is no . in font nullfont!
Missing character: There is no j in font nullfont!
Missing character: There is no p in font nullfont!
Missing character: There is no g in font nullfont!

Overfull \hbox (56.9055pt too wide) in paragraph at lines 12--32
 []$ 
 []


Overfull \hbox (312.9803pt too wide) in paragraph at lines 12--32
 []$ 
 []


Overfull \hbox (56.9055pt too wide) in paragraph at lines 12--32
 []$ 
 []

! Undefined control sequence.
l.38 		{\LARGE
               \textbf{Roomie: uma aplicação para prédios inteligentes basea...
The control sequence at the end of the top line
of your error message was never \def'ed. If you have
misspelled it (e.g., `\hobx'), type `I' and the correct
spelling (e.g., `I\hbox'). Otherwise just continue,
and I'll forget about whatever was undefined.

Missing character: There is no ç in font cmbx10!
Missing character: There is no ã in font cmbx10!
Missing character: There is no é in font cmbx10!

Overfull \hbox (41.68729pt too wide) in paragraph at lines 38--38
 []\OT1/cmr/bx/n/10 Roomie: 
 []


Overfull \hbox (21.56236pt too wide) in paragraph at lines 38--38
 \OT1/cmr/bx/n/10 uma 
 []


Overfull \hbox (22.20125pt too wide) in paragraph at lines 38--38
 \OT1/cmr/bx/n/10 apli- 
 []


Overfull \hbox (16.45128pt too wide) in paragraph at lines 38--38
 \OT1/cmr/bx/n/10 cao 
 []


Overfull \hbox (22.3054pt too wide) in paragraph at lines 38--38
 \OT1/cmr/bx/n/10 para 
 []


Overfull \hbox (30.99428pt too wide) in paragraph at lines 38--38
 \OT1/cmr/bx/n/10 prdios 
 []


Overfull \hbox (13.4166pt too wide) in paragraph at lines 38--38
 \OT1/cmr/bx/n/10 in- 
 []


Overfull \hbox (47.50114pt too wide) in paragraph at lines 38--38
 \OT1/cmr/bx/n/10 teligentes 
 []


Overfull \hbox (39.35527pt too wide) in paragraph at lines 38--38
 \OT1/cmr/bx/n/10 baseada 
 []


Overfull \hbox (11.97908pt too wide) in paragraph at lines 38--38
 \OT1/cmr/bx/n/10 na 
 []


Overfull \hbox (13.4166pt too wide) in paragraph at lines 38--38
 \OT1/cmr/bx/n/10 in- 
 []


Overfull \hbox (43.07755pt too wide) in paragraph at lines 38--38
 \OT1/cmr/bx/n/10 fraestru- 
 []


Overfull \hbox (21.18738pt too wide) in paragraph at lines 38--38
 \OT1/cmr/bx/n/10 tura 
 []


Overfull \hbox (11.65967pt too wide) in paragraph at lines 38--38
 \OT1/cmr/bx/n/10 de 
 []


Overfull \hbox (14.58325pt too wide) in paragraph at lines 38--38
 \OT1/cmr/bx/n/10 In- 
 []


Overfull \hbox (18.31242pt too wide) in paragraph at lines 38--38
 \OT1/cmr/bx/n/10 ter- 
 []


Overfull \hbox (16.13187pt too wide) in paragraph at lines 38--38
 \OT1/cmr/bx/n/10 net 
 []


Overfull \hbox (16.51515pt too wide) in paragraph at lines 38--38
 \OT1/cmr/bx/n/10 das 
 []


Overfull \hbox (31.91228pt too wide) in paragraph at lines 38--38
 \OT1/cmr/bx/n/10 Coisas 
 []

! Undefined control sequence.
l.43 		{\large
               \textbf{Viviane Costa Pinheiro}}
The control sequence at the end of the top line
of your error message was never \def'ed. If you have
misspelled it (e.g., `\hobx'), type `I' and the correct
spelling (e.g., `I\hbox'). Otherwise just continue,
and I'll forget about whatever was undefined.


Overfull \hbox (38.40256pt too wide) in paragraph at lines 43--44
 []\OT1/cmr/bx/n/10 Viviane 
 []


Overfull \hbox (28.65398pt too wide) in paragraph at lines 43--44
 \OT1/cmr/bx/n/10 Costa 
 []


Overfull \hbox (21.27766pt too wide) in paragraph at lines 43--44
 \OT1/cmr/bx/n/10 Pin- 
 []


Overfull \hbox (25.34016pt too wide) in paragraph at lines 43--44
 \OT1/cmr/bx/n/10 heiro 
 []

Missing character: There is no N in font nullfont!
Missing character: There is no a in font nullfont!
Missing character: There is no t in font nullfont!
Missing character: There is no a in font nullfont!
Missing character: There is no l in font nullfont!
Missing character: There is no - in font nullfont!
Missing character: There is no R in font nullfont!
Missing character: There is no N in font nullfont!
Missing character: There is no M in font nullfont!
Missing character: There is no a in font nullfont!
Missing character: There is no i in font nullfont!
Missing character: There is no o in font nullfont!
Missing character: There is no d in font nullfont!
Missing character: There is no e in font nullfont!
Missing character: There is no 2 in font nullfont!
Missing character: There is no 0 in font nullfont!
Missing character: There is no 1 in font nullfont!
Missing character: There is no 7 in font nullfont!

! LaTeX Error: \begin{document} ended by \end{titlepage}.

See the LaTeX manual or LaTeX Companion for explanation.
Type  H <return>  for immediate help.
 ...                                              
                                                  
l.50 \end{titlepage}
                    
Your command was ignored.
Type  I <command> <return>  to replace it with another command,
or  <return>  to continue without it.

)
! Emergency stop.
<*> Capa.tex
            
*** (job aborted, no legal \end found)

 
Here is how much of TeX's memory you used:
 16 strings out of 495000
 247 string characters out of 6181169
 47205 words of memory out of 5000000
 3349 multiletter control sequences out of 15000+600000
 4249 words of font info for 16 fonts, out of 8000000 for 9000
 14 hyphenation exceptions out of 8191
 20i,3n,18p,149b,239s stack positions out of 5000i,500n,10000p,200000b,80000s
!  ==> Fatal error occurred, no output PDF file produced!
